<?xml version="1.0" encoding="UTF-8"?>
<!-- Generated by org.testng.reporters.JUnitReportReporter -->
<testsuite skipped="0" hostname="LAPTOP-4BK013Q7" name="test.LoginTest" tests="1" failures="0" timestamp="2021-12-11T15:49:17 IST" time="3.084" errors="0">
  <testcase name="login2" time="3.084" classname="test.LoginTest"/>
  <system-out/>
</testsuite> <!-- test.LoginTest -->
