<?xml version="1.0" encoding="UTF-8"?>
<!-- Generated by org.testng.reporters.JUnitReportReporter -->
<testsuite skipped="0" hostname="LAPTOP-4BK013Q7" name="test.LoginTest" tests="1" failures="0" timestamp="2021-12-10T21:03:37 IST" time="3.286" errors="0">
  <testcase name="login1" time="3.286" classname="test.LoginTest"/>
  <system-out/>
</testsuite> <!-- test.LoginTest -->
